20230123	11:36:06	f93a2aa1-7fd5-48e5-8030-ce5f6549ac0d	GET	/api/home	undefined
20230123	11:36:06	44f27484-50e8-4700-b225-e8d959d58c4b	GET	/api/home	undefined
20230123	11:36:19	fd9eb36e-df83-4fda-9394-79275fc2f577	GET	/api/home	undefined
20230123	11:36:21	1f73b133-fabc-4dcb-9679-dc8cd1f28f47	GET	/api/home	http://localhost:3000
20230123	11:36:21	bef61821-7f77-4ce5-8e22-77b54f3930c4	GET	/api/home	http://localhost:3000
20230123	11:43:32	cfd21aaf-f0c4-412b-9c57-d0ed0def1d01	GET	/users/home	http://localhost:3000
20230123	11:43:52	5ab3566f-b113-40c9-8c59-137525786d46	GET	/users/home	http://localhost:3000
20230123	11:44:03	57b9d609-140e-4578-827b-df5ebbd94207	GET	/users/home	undefined
20230123	11:44:05	1101c713-41ed-4617-aacf-f1e6c6a0507e	GET	/users/home	http://localhost:3000
20230123	11:44:08	49d9d9e2-dba1-45ac-b9cd-edb762484909	GET	/users/home	undefined
20230123	11:44:10	e805cd9b-6a94-469f-b3ed-384c916b344c	GET	/users/home	http://localhost:3000
20230123	11:44:30	ba4d9217-3ae2-4ee3-bff5-f28ee842d0d3	GET	/users/home	http://localhost:3000
20230202	17:32:49	37598f09-7361-46f4-be2f-b56fdd23184a	GET	/	undefined
20230202	17:32:49	48cadc5b-8fcb-4df3-9fc0-f3524b9b6b69	GET	/css/style.css	undefined
20230202	17:32:50	1b8d05f9-90f1-4225-b025-232099facd96	GET	/favicon.ico	undefined
20230202	17:32:55	5eeb0d36-9af8-48a2-8454-0923e8948e4a	GET	/product	undefined
20230202	17:34:11	cf95daa9-a38f-4604-99f8-a085fec22545	GET	/product	undefined
20230202	17:34:18	3c967fc6-4ffd-4f9a-b895-bac86c3f0f03	GET	/product	undefined
20230202	17:54:11	2df48c80-4649-4299-80bd-963ebd8d7462	GET	/product	undefined
20230202	17:56:39	dc22d2d7-faa2-44e5-906d-1c65879d3bd1	GET	/product	undefined
20230202	17:56:41	f8bab21e-daa6-46cd-a129-42b367117365	GET	/product	undefined
20230202	17:57:00	6748e094-bb79-4a0f-ba85-3fd5ab2de288	GET	/product	undefined
20230202	17:57:50	76769360-04f2-4341-af53-8247698bdb67	GET	/product	undefined
20230202	17:57:52	5a58a6b0-d5ba-4c0c-8048-437df7b9b6d8	GET	/product	undefined
20230202	17:58:29	37150363-a1c2-44df-a414-5c34cec2d6ad	GET	/product	undefined
20230202	18:02:35	a153c9ff-8b5e-43f8-be99-1cd5d0abccb1	GET	/product	undefined
20230202	18:03:14	0793d6a5-4faf-4c38-a654-4248f0b541d5	GET	/product	undefined
